# JRE version: Java(TM) SE Runtime Environment (20.0.1+9) (build 20.0.1+9-29)
# Java VM: Java HotSpot(TM) 64-Bit Server VM (20.0.1+9-29, mixed mode, sharing, tiered, compressed oops, compressed class ptrs, g1 gc, windows-amd64)
GC Precious Log:
 CardTable entry size: 512
 Card Set container configuration: InlinePtr #cards 5 size 8 Array Of Cards #cards 12 size 40 Howl #buckets 4 coarsen threshold 1843 Howl Bitmap #cards 512 size 80 coarsen threshold 460 Card regions per heap region 1 cards per card region 2048
 CPUs: 4 total, 4 available
 Memory: 8075M
 Large Page Support: Disabled
 NUMA Support: Disabled
 Compressed Oops: Enabled (32-bit)
 Heap Region Size: 1M
 Heap Min Capacity: 8M
 Heap Initial Capacity: 128M
 Heap Max Capacity: 2G
 Pre-touch: Disabled
 Parallel Workers: 4
 Concurrent Workers: 1
 Concurrent Refinement Workers: 4
 Periodic GC: Disabled
Heap:
 garbage-first heap   total 487424K, used 468576K [0x0000000080000000, 0x0000000100000000)
  region size 1024K, 92 young (94208K), 11 survivors (11264K)
 Metaspace       used 104952K, committed 107264K, reserved 552960K
  class space    used 14536K, committed 15680K, reserved 421888K
GC Heap History (20 events):
Event: 18.436 GC heap after
{Heap after GC invocations=32 (full 0):
 garbage-first heap   total 205824K, used 96814K [0x0000000080000000, 0x0000000100000000)
  region size 1024K, 6 young (6144K), 6 survivors (6144K)
 Metaspace       used 81121K, committed 83328K, reserved 552960K
  class space    used 11306K, committed 12416K, reserved 421888K
}
Event: 21.258 GC heap before
{Heap before GC invocations=32 (full 0):
 garbage-first heap   total 205824K, used 160302K [0x0000000080000000, 0x0000000100000000)
  region size 1024K, 68 young (69632K), 6 survivors (6144K)
 Metaspace       used 83319K, committed 85504K, reserved 552960K
  class space    used 11605K, committed 12736K, reserved 421888K
}
Event: 21.265 GC heap after
{Heap after GC invocations=33 (full 0):
 garbage-first heap   total 205824K, used 102634K [0x0000000080000000, 0x0000000100000000)
  region size 1024K, 8 young (8192K), 8 survivors (8192K)
 Metaspace       used 83319K, committed 85504K, reserved 552960K
  class space    used 11605K, committed 12736K, reserved 421888K
}
Event: 21.559 GC heap before
{Heap before GC invocations=33 (full 0):
 garbage-first heap   total 205824K, used 129258K [0x0000000080000000, 0x0000000100000000)
  region size 1024K, 35 young (35840K), 8 survivors (8192K)
 Metaspace       used 85320K, committed 87552K, reserved 552960K
  class space    used 11891K, committed 12992K, reserved 421888K
}
Event: 21.566 GC heap after
{Heap after GC invocations=34 (full 0):
 garbage-first heap   total 205824K, used 104358K [0x0000000080000000, 0x0000000100000000)
  region size 1024K, 2 young (2048K), 2 survivors (2048K)
 Metaspace       used 85320K, committed 87552K, reserved 552960K
  class space    used 11891K, committed 12992K, reserved 421888K
}
Event: 22.340 GC heap before
{Heap before GC invocations=35 (full 0):
 garbage-first heap   total 205824K, used 169894K [0x0000000080000000, 0x0000000100000000)
  region size 1024K, 69 young (70656K), 2 survivors (2048K)
 Metaspace       used 90437K, committed 92736K, reserved 552960K
  class space    used 12738K, committed 13888K, reserved 421888K
}
Event: 22.346 GC heap after
{Heap after GC invocations=36 (full 0):
 garbage-first heap   total 205824K, used 102133K [0x0000000080000000, 0x0000000100000000)
  region size 1024K, 4 young (4096K), 4 survivors (4096K)
 Metaspace       used 90437K, committed 92736K, reserved 552960K
  class space    used 12738K, committed 13888K, reserved 421888K
}
Event: 23.581 GC heap before
{Heap before GC invocations=36 (full 0):
 garbage-first heap   total 205824K, used 176885K [0x0000000080000000, 0x0000000100000000)
  region size 1024K, 76 young (77824K), 4 survivors (4096K)
 Metaspace       used 95503K, committed 97856K, reserved 552960K
  class space    used 13437K, committed 14592K, reserved 421888K
}
Event: 23.593 GC heap after
{Heap after GC invocations=37 (full 0):
 garbage-first heap   total 205824K, used 107014K [0x0000000080000000, 0x0000000100000000)
  region size 1024K, 9 young (9216K), 9 survivors (9216K)
 Metaspace       used 95503K, committed 97856K, reserved 552960K
  class space    used 13437K, committed 14592K, reserved 421888K
}
Event: 24.535 GC heap before
{Heap before GC invocations=37 (full 0):
 garbage-first heap   total 205824K, used 178694K [0x0000000080000000, 0x0000000100000000)
  region size 1024K, 80 young (81920K), 9 survivors (9216K)
 Metaspace       used 99047K, committed 101440K, reserved 552960K
  class space    used 13844K, committed 15040K, reserved 421888K
}
Event: 24.547 GC heap after
{Heap after GC invocations=38 (full 0):
 garbage-first heap   total 205824K, used 112943K [0x0000000080000000, 0x0000000100000000)
  region size 1024K, 10 young (10240K), 10 survivors (10240K)
 Metaspace       used 99047K, committed 101440K, reserved 552960K
  class space    used 13844K, committed 15040K, reserved 421888K
}
Event: 52.360 GC heap before
{Heap before GC invocations=39 (full 0):
 garbage-first heap   total 205824K, used 181551K [0x0000000080000000, 0x0000000100000000)
  region size 1024K, 78 young (79872K), 10 survivors (10240K)
 Metaspace       used 104698K, committed 107072K, reserved 552960K
  class space    used 14497K, committed 15680K, reserved 421888K
}
Event: 52.371 GC heap after
{Heap after GC invocations=40 (full 0):
 garbage-first heap   total 205824K, used 118045K [0x0000000080000000, 0x0000000100000000)
  region size 1024K, 5 young (5120K), 5 survivors (5120K)
 Metaspace       used 104698K, committed 107072K, reserved 552960K
  class space    used 14497K, committed 15680K, reserved 421888K
}
Event: 56.636 GC heap before
{Heap before GC invocations=40 (full 0):
 garbage-first heap   total 299008K, used 297245K [0x0000000080000000, 0x0000000100000000)
  region size 1024K, 62 young (63488K), 5 survivors (5120K)
 Metaspace       used 104951K, committed 107264K, reserved 552960K
  class space    used 14536K, committed 15680K, reserved 421888K
}
Event: 56.645 GC heap after
{Heap after GC invocations=41 (full 0):
 garbage-first heap   total 315392K, used 132918K [0x0000000080000000, 0x0000000100000000)
  region size 1024K, 9 young (9216K), 9 survivors (9216K)
 Metaspace       used 104951K, committed 107264K, reserved 552960K
  class space    used 14536K, committed 15680K, reserved 421888K
}
Event: 56.653 GC heap before
{Heap before GC invocations=41 (full 0):
 garbage-first heap   total 315392K, used 134966K [0x0000000080000000, 0x0000000100000000)
  region size 1024K, 12 young (12288K), 9 survivors (9216K)
 Metaspace       used 104951K, committed 107264K, reserved 552960K
  class space    used 14536K, committed 15680K, reserved 421888K
}
Event: 56.658 GC heap after
{Heap after GC invocations=42 (full 0):
 garbage-first heap   total 315392K, used 134179K [0x0000000080000000, 0x0000000100000000)
  region size 1024K, 11 young (11264K), 11 survivors (11264K)
 Metaspace       used 104951K, committed 107264K, reserved 552960K
  class space    used 14536K, committed 15680K, reserved 421888K
}
Event: 57.147 GC heap before
{Heap before GC invocations=43 (full 0):
 garbage-first heap   total 436224K, used 434211K [0x0000000080000000, 0x0000000100000000)
  region size 1024K, 76 young (77824K), 11 survivors (11264K)
 Metaspace       used 104952K, committed 107264K, reserved 552960K
  class space    used 14536K, committed 15680K, reserved 421888K
}
Event: 57.160 GC heap after
{Heap after GC invocations=44 (full 0):
 garbage-first heap   total 463872K, used 208480K [0x0000000080000000, 0x0000000100000000)
  region size 1024K, 16 young (16384K), 16 survivors (16384K)
 Metaspace       used 104952K, committed 107264K, reserved 552960K
  class space    used 14536K, committed 15680K, reserved 421888K
}
Event: 57.555 GC heap before
{Heap before GC invocations=44 (full 0):
 garbage-first heap   total 468992K, used 467552K [0x0000000080000000, 0x0000000100000000)
  region size 1024K, 97 young (99328K), 16 survivors (16384K)
 Metaspace       used 104952K, committed 107264K, reserved 552960K
  class space    used 14536K, committed 15680K, reserved 421888K
}

